# JRE version: Java(TM) SE Runtime Environment (8.0_341-b10) (build 1.8.0_341-b10)
# Java VM: Java HotSpot(TM) Client VM (25.341-b10 mixed mode windows-x86 )
Heap:
 def new generation   total 10368K, used 1263K [0x04000000, 0x04b30000, 0x09550000)
  eden space 9280K,  13% used [0x04000000, 0x0413bf38, 0x04910000)
  from space 1088K,   0% used [0x04a20000, 0x04a20000, 0x04b30000)
  to   space 1088K,   0% used [0x04910000, 0x04910000, 0x04a20000)
 tenured generation   total 22856K, used 12595K [0x09550000, 0x0aba2000, 0x14000000)
   the space 22856K,  55% used [0x09550000, 0x0a19cf38, 0x0a19d000, 0x0aba2000)
 Metaspace       used 27725K, capacity 29100K, committed 29184K, reserved 31104K
GC Heap History (10 events):
Event: 8.576 GC heap before
{Heap before GC invocations=62 (full 3):
 def new generation   total 10368K, used 4526K [0x04000000, 0x04b30000, 0x09550000)
  eden space 9280K,  48% used [0x04000000, 0x0446b858, 0x04910000)
  from space 1088K,   0% used [0x04910000, 0x04910000, 0x04a20000)
  to   space 1088K,   0% used [0x04a20000, 0x04a20000, 0x04b30000)
 tenured generation   total 22856K, used 13712K [0x09550000, 0x0aba2000, 0x14000000)
   the space 22856K,  59% used [0x09550000, 0x0a2b4178, 0x0a2b4200, 0x0aba2000)
 Metaspace       used 26052K, capacity 27379K, committed 27392K, reserved 31104K
Event: 8.680 GC heap after
Heap after GC invocations=63 (full 4):
 def new generation   total 10368K, used 0K [0x04000000, 0x04b30000, 0x09550000)
  eden space 9280K,   0% used [0x04000000, 0x04000000, 0x04910000)
  from space 1088K,   0% used [0x04910000, 0x04910000, 0x04a20000)
  to   space 1088K,   0% used [0x04a20000, 0x04a20000, 0x04b30000)
 tenured generation   total 22856K, used 13364K [0x09550000, 0x0aba2000, 0x14000000)
   the space 22856K,  58% used [0x09550000, 0x0a25d268, 0x0a25d400, 0x0aba2000)
 Metaspace       used 26052K, capacity 27379K, committed 27392K, reserved 29056K
}
Event: 8.680 GC heap before
{Heap before GC invocations=63 (full 4):
 def new generation   total 10368K, used 0K [0x04000000, 0x04b30000, 0x09550000)
  eden space 9280K,   0% used [0x04000000, 0x04000000, 0x04910000)
  from space 1088K,   0% used [0x04910000, 0x04910000, 0x04a20000)
  to   space 1088K,   0% used [0x04a20000, 0x04a20000, 0x04b30000)
 tenured generation   total 22856K, used 13364K [0x09550000, 0x0aba2000, 0x14000000)
   the space 22856K,  58% used [0x09550000, 0x0a25d268, 0x0a25d400, 0x0aba2000)
 Metaspace       used 26052K, capacity 27379K, committed 27392K, reserved 31104K
Event: 8.767 GC heap after
Heap after GC invocations=64 (full 5):
 def new generation   total 10368K, used 0K [0x04000000, 0x04b30000, 0x09550000)
  eden space 9280K,   0% used [0x04000000, 0x04000000, 0x04910000)
  from space 1088K,   0% used [0x04910000, 0x04910000, 0x04a20000)
  to   space 1088K,   0% used [0x04a20000, 0x04a20000, 0x04b30000)
 tenured generation   total 22856K, used 12437K [0x09550000, 0x0aba2000, 0x14000000)
   the space 22856K,  54% used [0x09550000, 0x0a1755d8, 0x0a175600, 0x0aba2000)
 Metaspace       used 25995K, capacity 27294K, committed 27392K, reserved 29056K
}
Event: 9.098 GC heap before
{Heap before GC invocations=64 (full 5):
 def new generation   total 10368K, used 9280K [0x04000000, 0x04b30000, 0x09550000)
  eden space 9280K, 100% used [0x04000000, 0x04910000, 0x04910000)
  from space 1088K,   0% used [0x04910000, 0x04910000, 0x04a20000)
  to   space 1088K,   0% used [0x04a20000, 0x04a20000, 0x04b30000)
 tenured generation   total 22856K, used 12437K [0x09550000, 0x0aba2000, 0x14000000)
   the space 22856K,  54% used [0x09550000, 0x0a1755d8, 0x0a175600, 0x0aba2000)
 Metaspace       used 26816K, capacity 28154K, committed 28288K, reserved 29056K
Event: 9.105 GC heap after
Heap after GC invocations=65 (full 5):
 def new generation   total 10368K, used 1087K [0x04000000, 0x04b30000, 0x09550000)
  eden space 9280K,   0% used [0x04000000, 0x04000000, 0x04910000)
  from space 1088K,  99% used [0x04a20000, 0x04b2fff8, 0x04b30000)
  to   space 1088K,   0% used [0x04910000, 0x04910000, 0x04a20000)
 tenured generation   total 22856K, used 12767K [0x09550000, 0x0aba2000, 0x14000000)
   the space 22856K,  55% used [0x09550000, 0x0a1c7eb8, 0x0a1c8000, 0x0aba2000)
 Metaspace       used 26816K, capacity 28154K, committed 28288K, reserved 29056K
}
Event: 9.326 GC heap before
{Heap before GC invocations=65 (full 5):
 def new generation   total 10368K, used 9453K [0x04000000, 0x04b30000, 0x09550000)
  eden space 9280K,  90% used [0x04000000, 0x0482b510, 0x04910000)
  from space 1088K,  99% used [0x04a20000, 0x04b2fff8, 0x04b30000)
  to   space 1088K,   0% used [0x04910000, 0x04910000, 0x04a20000)
 tenured generation   total 22856K, used 12767K [0x09550000, 0x0aba2000, 0x14000000)
   the space 22856K,  55% used [0x09550000, 0x0a1c7eb8, 0x0a1c8000, 0x0aba2000)
 Metaspace       used 27694K, capacity 29036K, committed 29056K, reserved 32128K
Event: 9.424 GC heap after
Heap after GC invocations=66 (full 6):
 def new generation   total 10368K, used 0K [0x04000000, 0x04b30000, 0x09550000)
  eden space 9280K,   0% used [0x04000000, 0x04000000, 0x04910000)
  from space 1088K,   0% used [0x04a20000, 0x04a20000, 0x04b30000)
  to   space 1088K,   0% used [0x04910000, 0x04910000, 0x04a20000)
 tenured generation   total 22856K, used 13604K [0x09550000, 0x0aba2000, 0x14000000)
   the space 22856K,  59% used [0x09550000, 0x0a299050, 0x0a299200, 0x0aba2000)
 Metaspace       used 27694K, capacity 29036K, committed 29056K, reserved 31104K
}
Event: 9.426 GC heap before
{Heap before GC invocations=66 (full 6):
 def new generation   total 10368K, used 0K [0x04000000, 0x04b30000, 0x09550000)
  eden space 9280K,   0% used [0x04000000, 0x04000000, 0x04910000)
  from space 1088K,   0% used [0x04a20000, 0x04a20000, 0x04b30000)
  to   space 1088K,   0% used [0x04910000, 0x04910000, 0x04a20000)
 tenured generation   total 22856K, used 13604K [0x09550000, 0x0aba2000, 0x14000000)
   the space 22856K,  59% used [0x09550000, 0x0a299050, 0x0a299200, 0x0aba2000)
 Metaspace       used 27694K, capacity 29036K, committed 29056K, reserved 33152K
Event: 9.519 GC heap after
Heap after GC invocations=67 (full 7):
 def new generation   total 10368K, used 0K [0x04000000, 0x04b30000, 0x09550000)
  eden space 9280K,   0% used [0x04000000, 0x04000000, 0x04910000)
  from space 1088K,   0% used [0x04a20000, 0x04a20000, 0x04b30000)
  to   space 1088K,   0% used [0x04910000, 0x04910000, 0x04a20000)
 tenured generation   total 22856K, used 12595K [0x09550000, 0x0aba2000, 0x14000000)
   the space 22856K,  55% used [0x09550000, 0x0a19cf38, 0x0a19d000, 0x0aba2000)
 Metaspace       used 27694K, capacity 29036K, committed 29056K, reserved 31104K
}

